<?xml version="1.0" encoding="UTF-8"?>
<testsuite xmlns:xsi="http://www.w3.org/2001/XMLSchema-instance" xsi:noNamespaceSchemaLocation="https://maven.apache.org/surefire/maven-surefire-plugin/xsd/surefire-test-report-3.0.xsd" version="3.0" name="com.obilet.runners.TestRunner" time="63.68" tests="1" errors="0" skipped="0" failures="0">
  <properties>
[...]
</properties>
  <testcase name="Ana sayfadaki tüm ulaşım seçeneklerinin kontrolü" classname="Obilet.com Ana Sayfa Testi" time="57.186">
    <system-out><![CDATA[
@obilet @smoke @regression
Senaryo: Ana sayfadaki tüm ulaşım seçeneklerinin kontrolü # src/test/resources/features/ObiletHomePage.feature:6
Starting scenario: Ana sayfadaki tüm ulaşım seçeneklerinin kontrolü
Bus option button elementi görüntülendi
Flight option button elementi görüntülendi
Ferry option button elementi görüntülendi
Hotel option button elementi görüntülendi
  Diyelim ki kullanıcı obilet.com anasayfasına gider      # com.obilet.stepdefinitions.HomePageSteps.userNavigatesToHomePage()
Bus option button elementine tıklandı
  Eğer ki kullanıcı otobüs seçeneğine tıklar              # com.obilet.stepdefinitions.HomePageSteps.userClicksBusOption()
Flight option button elementine tıklandı
  Ve kullanıcı uçak seçeneğine tıklar                     # com.obilet.stepdefinitions.HomePageSteps.userClicksFlightOption()
Ferry option button elementine tıklandı
  Ve kullanıcı feribot seçeneğine tıklar                  # com.obilet.stepdefinitions.HomePageSteps.userClicksFerryOption()
Hotel option button elementine tıklandı
  Ve kullanıcı otel seçeneğine tıklar                     # com.obilet.stepdefinitions.HomePageSteps.userClicksHotelOption()
Bus option button elementine tıklandı
Flight option button elementine tıklandı
Ferry option button elementine tıklandı
Hotel option button elementine tıklandı
  O zaman tüm seçeneklerin çalıştığı doğrulanır           # com.obilet.stepdefinitions.HomePageSteps.verifyAllOptionsWork()
Finishing scenario: Ana sayfadaki tüm ulaşım seçeneklerinin kontrolü
]]></system-out>
    <system-err><![CDATA[Oca 24, 2025 12:49:04 ÖS io.cucumber.core.options.CucumberPropertiesParser lambda$warnWhenCucumberOptionsIsUsed$1
WARNING: Passing commandline options via the property 'cucumber.options' is no longer supported. Please use individual properties instead. See the java doc on io.cucumber.core.options.Constants for details.
SLF4J: No SLF4J providers were found.
SLF4J: Defaulting to no-operation (NOP) logger implementation
SLF4J: See https://www.slf4j.org/codes.html#noProviders for further details.
]]></system-err>
  </testcase>
</testsuite>